2025-07-27 01:14:07,631 - __main__ - INFO - ============================================================
2025-07-27 01:14:07,631 - __main__ - INFO - Starting Enhanced COE Data Collection Pipeline
2025-07-27 01:14:07,632 - __main__ - INFO - ============================================================
2025-07-27 01:14:07,632 - __main__ - INFO - Step 1: Collecting data from both COE datasets...
2025-07-27 01:14:07,643 - src.data_collection.enhanced_data_collector - INFO - Starting enhanced COE data collection and processing...
2025-07-27 01:14:08,260 - src.data_collection.enhanced_data_collector - INFO - Successfully fetched 50 records from dataset d_22094bf608253d36c0c63b52d852dd6e
2025-07-27 01:14:08,341 - src.data_collection.enhanced_data_collector - INFO - Processed 13912 quota premium records
2025-07-27 01:14:08,884 - src.data_collection.enhanced_data_collector - INFO - Successfully fetched 1840 records from dataset d_69b3380ad7e51aff3a7dcc84eba52b8a
2025-07-27 01:14:08,897 - src.data_collection.enhanced_data_collector - INFO - Processed 1840 bidding results records
2025-07-27 01:14:08,897 - src.data_collection.enhanced_data_collector - INFO - Merging datasets...
2025-07-27 01:14:08,912 - src.data_collection.enhanced_data_collector - INFO - Merged dataset has 4632 records
2025-07-27 01:14:08,944 - src.data_collection.enhanced_data_collector - INFO - Enhanced data saved to data/raw/enhanced_coe_data_20250727_011408.csv
2025-07-27 01:14:08,970 - src.data_collection.enhanced_data_collector - INFO - Latest enhanced data also saved to data/raw/enhanced_coe_data_latest.csv
2025-07-27 01:14:08,970 - src.data_collection.enhanced_data_collector - INFO - Enhanced data collection and processing complete.
2025-07-27 01:14:08,971 - __main__ - INFO - Successfully collected and merged 4632 records
2025-07-27 01:14:08,972 - __main__ - INFO - Data sources: {'quota_premium': 2792, 'bidding_results': 1840}
2025-07-27 01:14:08,972 - __main__ - INFO - Categories: {'Cat A': 927, 'Cat B': 927, 'Cat C': 927, 'Cat D': 927, 'Cat E': 924}
2025-07-27 01:14:08,972 - __main__ - INFO - Date range: 2002-02-01 00:00:00 to 2025-07-01 00:00:00
2025-07-27 01:14:08,972 - __main__ - INFO - Step 2: Preparing training datasets...
2025-07-27 01:14:08,993 - src.data_collection.training_data_preparator - INFO - Preparing all training datasets...
2025-07-27 01:14:08,993 - src.data_collection.training_data_preparator - INFO - Loading latest data from data/raw/enhanced_coe_data_latest.csv
2025-07-27 01:14:09,000 - src.data_collection.training_data_preparator - INFO - Creating time series features...
2025-07-27 01:14:09,038 - src.data_collection.training_data_preparator - INFO - Creating categorical features...
2025-07-27 01:14:09,042 - src.data_collection.training_data_preparator - INFO - Preparing time series dataset with sequence length 12...
2025-07-27 01:14:09,894 - src.data_collection.training_data_preparator - INFO - Time series dataset: (4560, 12, 30) sequences
2025-07-27 01:14:09,894 - src.data_collection.training_data_preparator - INFO - Preparing regression dataset with target: COE_Price...
2025-07-27 01:14:09,900 - src.data_collection.training_data_preparator - INFO - Regression dataset: 728 training samples
2025-07-27 01:14:09,902 - src.data_collection.training_data_preparator - INFO - Preparing regression dataset with target: COE_Price...
2025-07-27 01:14:09,907 - src.data_collection.training_data_preparator - INFO - Category Cat A dataset: 175 training samples
2025-07-27 01:14:09,909 - src.data_collection.training_data_preparator - INFO - Preparing regression dataset with target: COE_Price...
2025-07-27 01:14:09,916 - src.data_collection.training_data_preparator - INFO - Category Cat B dataset: 178 training samples
2025-07-27 01:14:09,917 - src.data_collection.training_data_preparator - INFO - Preparing regression dataset with target: COE_Price...
2025-07-27 01:14:09,921 - src.data_collection.training_data_preparator - INFO - Category Cat C dataset: 188 training samples
2025-07-27 01:14:09,923 - src.data_collection.training_data_preparator - INFO - Preparing regression dataset with target: COE_Price...
2025-07-27 01:14:09,928 - src.data_collection.training_data_preparator - INFO - Category Cat D dataset: 187 training samples
2025-07-27 01:14:09,930 - src.data_collection.training_data_preparator - INFO - Preparing regression dataset with target: COE_Price...
2025-07-27 01:14:09,932 - src.data_collection.training_data_preparator - INFO - Prepared 6 training datasets
2025-07-27 01:14:09,932 - __main__ - INFO - Step 3: Reporting results...
2025-07-27 01:14:09,932 - __main__ - INFO - Successfully prepared 6 training datasets:
2025-07-27 01:14:09,932 - __main__ - INFO -   time_series: (4560, 12, 30) sequences
2025-07-27 01:14:09,932 - __main__ - INFO -   regression: 728 training samples
2025-07-27 01:14:09,932 - __main__ - INFO -   regression_Cat_A: 175 training samples
2025-07-27 01:14:09,932 - __main__ - INFO -   regression_Cat_B: 178 training samples
2025-07-27 01:14:09,932 - __main__ - INFO -   regression_Cat_C: 188 training samples
2025-07-27 01:14:09,932 - __main__ - INFO -   regression_Cat_D: 187 training samples
2025-07-27 01:14:09,932 - __main__ - INFO - ============================================================
2025-07-27 01:14:09,932 - __main__ - INFO - Enhanced COE Data Collection Pipeline Completed Successfully!
2025-07-27 01:14:09,933 - __main__ - INFO - ============================================================
